0 info it worked if it ends with ok
1 verbose cli [ 'node', '/usr/bin/npm', 'install', 'body-parser' ]
2 info using npm@1.3.6
3 info using node@v0.10.48
4 warn package.json pstree.remy@1.1.0 No repository field.
5 verbose cache add [ 'body-parser', null ]
6 verbose cache add name=undefined spec="body-parser" args=["body-parser",null]
7 verbose parsed url { protocol: null,
7 verbose parsed url   slashes: null,
7 verbose parsed url   auth: null,
7 verbose parsed url   host: null,
7 verbose parsed url   port: null,
7 verbose parsed url   hostname: null,
7 verbose parsed url   hash: null,
7 verbose parsed url   search: null,
7 verbose parsed url   query: null,
7 verbose parsed url   pathname: 'body-parser',
7 verbose parsed url   path: 'body-parser',
7 verbose parsed url   href: 'body-parser' }
8 silly lockFile 14cf125c-body-parser body-parser
9 verbose lock body-parser /root/.npm/14cf125c-body-parser.lock
10 silly lockFile 14cf125c-body-parser body-parser
11 silly lockFile 14cf125c-body-parser body-parser
12 verbose addNamed [ 'body-parser', '' ]
13 verbose addNamed [ null, '*' ]
14 silly lockFile 9f665704-body-parser body-parser@
15 verbose lock body-parser@ /root/.npm/9f665704-body-parser.lock
16 silly addNameRange { name: 'body-parser', range: '*', hasData: false }
17 verbose url raw body-parser
18 verbose url resolving [ 'https://registry.npmjs.org/', './body-parser' ]
19 verbose url resolved https://registry.npmjs.org/body-parser
20 info trying registry request attempt 1 at 02:34:01
21 http GET https://registry.npmjs.org/body-parser
22 info retry will retry, error on last attempt: Error: UNABLE_TO_GET_ISSUER_CERT_LOCALLY
23 info trying registry request attempt 2 at 02:34:11
24 http GET https://registry.npmjs.org/body-parser
25 info retry will retry, error on last attempt: Error: UNABLE_TO_GET_ISSUER_CERT_LOCALLY
26 info trying registry request attempt 3 at 02:35:11
27 http GET https://registry.npmjs.org/body-parser
28 silly lockFile 9f665704-body-parser body-parser@
29 silly lockFile 9f665704-body-parser body-parser@
30 error Error: UNABLE_TO_GET_ISSUER_CERT_LOCALLY
30 error     at SecurePair.<anonymous> (tls.js:1430:32)
30 error     at SecurePair.emit (events.js:92:17)
30 error     at SecurePair.maybeInitFinished (tls.js:1029:10)
30 error     at CleartextStream.read [as _read] (tls.js:521:13)
30 error     at CleartextStream.Readable.read (_stream_readable.js:341:10)
30 error     at EncryptedStream.write [as _write] (tls.js:418:25)
30 error     at doWrite (_stream_writable.js:226:10)
30 error     at writeOrBuffer (_stream_writable.js:216:5)
30 error     at EncryptedStream.Writable.write (_stream_writable.js:183:11)
30 error     at write (_stream_readable.js:602:24)
31 error If you need help, you may report this log at:
31 error     <http://github.com/isaacs/npm/issues>
31 error or email it to:
31 error     <npm-@googlegroups.com>
32 error System Linux 4.14.62-65.117.amzn1.x86_64
33 error command "node" "/usr/bin/npm" "install" "body-parser"
34 error cwd /var/www/html/cp4
35 error node -v v0.10.48
36 error npm -v 1.3.6
37 verbose exit [ 1, true ]
